2025-05-15 22:14:03   *** Warning ***

                      This software is licensed for personal and educational purposes only.

                      ------------------------------------------------------------------------------
2025-05-15 22:14:18   *** Warning ***

                      This software is licensed for personal and educational purposes only.

                      ------------------------------------------------------------------------------
2025-05-15 22:14:18   The following farfield monitor(s) have been adjusted to model box [-9.35128,
                      9.35128, -8.19873, 8.19873, -7.02551, 1.53038]:
                        farfield (f=7).
                      For further information please check the page "Special Solver Parameters -
                      Solver" in the Online Help.

                      ------------------------------------------------------------------------------
2025-05-15 22:14:18   
                      Solver started at: 2025-05-15 22:14:18 +0700

                        Module:  Time Domain: S-Parameter (Win 64)
                        Version: 2024.4 Release from 2024-04-30 (change 1266454)

2025-05-15 22:14:18   

                      ------------------------------------------------------------------------------
2025-05-15 22:14:18   

                      ------------------------------------------------------------------------------
2025-05-15 22:14:18   ======================================================================
                       Solver cycle: 1
                      ======================================================================

                      Stimulation at port 1 (mode 1) 



                      ------------------------------------------------------------------------------
2025-05-15 22:14:18   Units settings: 

                        Dimensions: mm
                        Frequency:  GHz
                        Time:       ns

                      ------------------------------------------------------------------------------
2025-05-15 22:14:18   The dispersive material update [Automatic] will be performed using the "Standard" update schema

                      ------------------------------------------------------------------------------
2025-05-15 22:14:24   Mesh statistics:

                         Hexahedral mesh type: Perfect Boundary Approximation (PBA)
                            Version: default

                         Parallelization type: none

                         Used point accuracy enhancement value: 75.00%.
                         Acceleration mode: CPU
                         Used point accuracy enhancement value: 63.00%.
                         PBA fill limit: 98.81% (inverse)
                         PBA fill limit: 99.00% (inverse)
                         Used point accuracy enhancement value: 62.00%.
                         Used point accuracy enhancement value: 69.00%.

2025-05-15 21:03:24      *** Warning ***  current system memory usage reached 85% (14 GB)

2025-05-15 21:03:25      *** Warning ***  current system memory usage reached 85% (14 GB)

2025-05-15 21:18:58      *** Warning ***  current system memory usage reached 85% (14 GB)

2025-05-15 21:38:04      *** Warning ***  current system memory usage reached 90% (15 GB)


2025-05-15 22:14:24   
                      --------------------------------------------------------------------------------
2025-05-15 22:14:24   *** Warning ***

2025-05-15 22:14:24   Solver run aborted.

                      ------------------------------------------------------------------------------
2025-05-15 22:14:24   Frequency domain results unnormalized.


                      ------------------------------------------------------------------------------
2025-05-15 22:14:24   
                        ----------------------------------------------------------------------------
                                            Peak memory used (kB)         Free physical memory (kB) 
                                                                          At begin     Minimum      
                        ----------------------------------------------------------------------------
                        Matrices calc.      0                             0            0            
                        Solver run total    26524                         2611188      2463072      
                        ----------------------------------------------------------------------------

                      --------------------------------------------------------------------------------
                      Solver Statistics:

                        Hardware:
                           Computer name:                 	COCOA-MAN-s-PC 

                           Number of CPU threads:               6
                           Hardware info:                  	Hardware Accelerator Device not activated

                        Number of mesh cells:             	81600
                        Excitation duration:              	0.00000000e+000 ns 
                        Calculation time for excitation:  	0 	s
                        Number of calculated pulse widths:	0 
                        Simulated number of time steps:   	0 
                        Maximum number of time steps:     	0 
                        Time step width:
                           without subcycles:             	0.000000000e+000 ns
                           used:                          	0.000000000e+000 ns

                        Matrix calculation time:          	0 	s
                        Solver setup time:                	0 	s
                        Solver loop time:                 	0 	s
                        Solver post-processing time:      	0 	s
                                                          	------------
                        Total solver time:                	0 	s

                      ------------------------------------------------------------------------------
2025-05-15 22:14:24   
                        Adaptive port meshing time:          	15     	s
                        Total solver time (all cycles):      	0      	s
                        Solver initialization and clean-up:  	6      	s
                                                             	------------
                        Total simulation time:               	21     	s

                      ------------------------------------------------------------------------------
2025-05-15 22:14:24   Solver finished at: 2025-05-15 22:14:24 +0700



                      ------------------------------------------------------------------------------
