=================================================================================
 - hardware info
   + cpu name                    : 11th Gen Intel(R) Core(TM) i5-11400H @ 2.70GHz
   + sockets                     : 1
   + cores per socket            : 6
   + hyperthreading              : on
   + ht-units                    : 2
   + max cpuid level             : 27
   + max cpuid ext. level        : 8
   + numa nodes                  : 1
   + internal cpu info           : CPUID: selected engine is 'Leaf 0xB detection'
apic ids           : 0, 1, 2, 3, 4, 5, 6, 7, 8, 9, 10, 11
apic ids (fallback): 0, 1, 2, 3, 4, 5, 6, 7, 8, 9, 10, 11
from cpu registers: 0, 1, 2, 3, 4, 5, 6, 7, 8, 9, 10, 11
fallback: 0, 1, 2, 3, 4, 5, 6, 7, 8, 9, 10, 11
combined: 0, 1, 2, 3, 4, 5, 6, 7, 8, 9, 10, 11
max id per cpu: 16
SMT mask: 1
Core mask: e
Package mask: fffffff0
set results:
  - packages: 1
  - cores: 6
  - smts: 2
generate core map, new implementation
0, 1, 2, 3, 4, 5, 6, 7, 8, 9, 10, 11
packages: 1
cores   : 6
ht units: 2
 - pinning rule in use   : PINNING_RULE_MCALC_SKIP_ALL
 - desired group         : 0
 - num cores available   : 12
 - active core list from affinity: 
   + num accessible procs          : 12
   + num logical procs             : 12
   + current affinity (env)        : 0,1,2,3,4,5,6,7,8,9,10,11
   + sockets ids in                : 0
   + core list                  (1): 0,2,4,6,8,10
 - active cores          : 0,2,4,6,8,10
 - hyperthreading        : on
 - allowed core ids      : 0,2,4,6,8,10
 - allowed core ids (aff): 101010 101010 
 - used mask (string)    : 101010 101010 
=================================================================================

==========================================================================
Version: 2024.4 Release from 2024-04-30 (change 1266454) [Release]
Workflow: QQ-Facets
Operation: [acis, fpba, bg, connectivity-tree]
Architecture: Windows, ID: AMD64
System Windows-64bit
Using processor group 0/1
Matrix calculation information:
# of Nodes: 0
Concurrency: 0
Start ID: 0
Node ID: 0
HEX Mesh information:
Hex mesh: global: [hxr o(0 | 0 | 0) s(65 | 60 | 26) np (no TSTs): 101400] 
==========================================================================

>>>>>>>>>>>>>>>>>>>>>>>>>>>>>
Thu Thu May 15 22:16:58 2025
started: processing CAD model
>>>>>>>>>>>>>>>>>>>>>>>>>>>>>

========================================================================
Processing CAD model (for field results)
	[Improved internal geometry representation]
	[Accuracy improvement for long shapes in inhomogeneous mesh regions]
Version: 2024.4 Release from 2024-04-30 (change 1266454)
PBA version 2024043024
Sub-Workflow: Facets-QQ-GEX
Workflow updated: -
Thu Thu May 15 22:16:58 2025
========================================================================

===========================================
Finished CAD processing (for field results)
===========================================

<<<<<<<<<<<<<<<<<<<<<<<<<<<<<<<<<<<<<<<<<<
Thu Thu May 15 22:16:58 2025
Resource usage for processing CAD model:
	Runtime                 00:00:00.00138
	Peak Memory Usage:               20 MB
<<<<<<<<<<<<<<<<<<<<<<<<<<<<<<<<<<<<<<<<<<

------------------------------------------------------------------------------------------------------------------------------
PBAMeshFeedback - InfoMap: 0[ms] - SBCell navigation: Using legacy edges - CornerCorrectionLinesAndWires: 0[ms] - Write: 0[ms]
------------------------------------------------------------------------------------------------------------------------------

Frontend-Node:  =======================================================================
                FPBA has been activated in order to calculate connectivity information.
                =======================================================================

>>>>>>>>>>>>>>>>>>>>>>>>>>>>>>>>
Thu Thu May 15 22:17:15 2025
started: parallelization control
>>>>>>>>>>>>>>>>>>>>>>>>>>>>>>>>

=================================================================================
 - hardware info
   + cpu name                    : 11th Gen Intel(R) Core(TM) i5-11400H @ 2.70GHz
   + sockets                     : 1
   + cores per socket            : 6
   + hyperthreading              : on
   + ht-units                    : 2
   + max cpuid level             : 27
   + max cpuid ext. level        : 8
   + numa nodes                  : 1
   + internal cpu info           : CPUID: selected engine is 'Leaf 0xB detection'
apic ids           : 0, 1, 2, 3, 4, 5, 6, 7, 8, 9, 10, 11
apic ids (fallback): 0, 1, 2, 3, 4, 5, 6, 7, 8, 9, 10, 11
from cpu registers: 0, 1, 2, 3, 4, 5, 6, 7, 8, 9, 10, 11
fallback: 0, 1, 2, 3, 4, 5, 6, 7, 8, 9, 10, 11
combined: 0, 1, 2, 3, 4, 5, 6, 7, 8, 9, 10, 11
max id per cpu: 16
SMT mask: 1
Core mask: e
Package mask: fffffff0
set results:
  - packages: 1
  - cores: 6
  - smts: 2
generate core map, new implementation
0, 1, 2, 3, 4, 5, 6, 7, 8, 9, 10, 11
packages: 1
cores   : 6
ht units: 2
 - pinning rule in use   : PINNING_RULE_MCALC_SKIP_ALL
 - desired group         : 0
 - num cores available   : 12
 - active core list from affinity: 
   + num accessible procs          : 12
   + num logical procs             : 12
   + current affinity (env)        : 0,1,2,3,4,5,6,7,8,9,10,11
   + sockets ids in                : 0
   + core list                  (1): 0,2,4,6,8,10
 - active cores          : 0,2,4,6,8,10
 - hyperthreading        : on
 - allowed core ids      : 0,2,4,6,8,10
 - allowed core ids (aff): 101010 101010 
 - used mask (string)    : 101010 101010 
=================================================================================

==========================================================================
Version: 2024.4 Release from 2024-04-30 (change 1266454) [Release]
Workflow: QQ-Facets
Operation: [acis, fpba, bg]
Architecture: Windows, ID: AMD64
System Windows-64bit
Using processor group 0/1
Matrix calculation information:
# of Nodes: 0
Concurrency: 0
Start ID: 0
Node ID: 0
HEX Mesh information:
Hex mesh: global: [hxr o(0 | 0 | 0) s(65 | 60 | 26) np (no TSTs): 101400] 
==========================================================================

>>>>>>>>>>>>>>>>>>>>>>>>>>>>>
Thu Thu May 15 22:17:16 2025
started: processing CAD model
>>>>>>>>>>>>>>>>>>>>>>>>>>>>>

========================================================================
Processing CAD model
	[Improved internal geometry representation]
	[Accuracy improvement for long shapes in inhomogeneous mesh regions]
Version: 2024.4 Release from 2024-04-30 (change 1266454)
PBA version 2024043024
Sub-Workflow: Facets-QQ
Workflow updated: -
Thu Thu May 15 22:17:16 2025
========================================================================

----------------------------------------------
Used point accuracy enhancement value: 63.00%.
----------------------------------------------

=============================================================================
Mesh statistics:
-----------------------------------------------------------------------------
Minimum edge length (x): 0.297 @ mesh line 29 (x)
Maximum edge length (x): 2.78 @ mesh line 63 (x)
Minimum face area (x): 0.0826 @ mesh lines 36 | 13 (y | z)
Maximum face area (x): 6.77 @ mesh lines 58 | 0 (y | z)
Minimum edge length (y): 0.297 @ mesh line 36 (y)
Maximum edge length (y): 2.78 @ mesh line 58 (y)
Minimum face area (y): 0.0826 @ mesh lines 13 | 29 (z | x)
Maximum face area (y): 6.77 @ mesh lines 0 | 63 (z | x)
Minimum edge length (z): 0.278 @ mesh line 13 (z)
Maximum edge length (z): 2.44 @ mesh line 0 (z)
Minimum face area (z): 0.088 @ mesh lines 29 | 36 (x | y)
Maximum face area (z): 7.73 @ mesh lines 63 | 58 (x | y)
Maximum mesh face aspect ratio (x): 9.99 : 1.0  @ mesh lines 58 | 13 (y | z)
Maximum mesh face aspect ratio (y): 9.99 : 1.0  @ mesh lines 13 | 63 (z | x)
Maximum mesh face aspect ratio (z): 9.37 : 1.0  @ mesh lines 29 | 58 (x | y)
=============================================================================

=============================================================================
Available resources to store TST cells: 2147382247 (2117733.97% of mesh size)
=============================================================================

------------------------------------------------------------------------------------------------
Geometry processing log
	PEC background is represented by CAD geometry: false
	Background shape: added
	Multithread portion: 100.00
	Number of CAD shapes: 6
	Number of lumps: 0
------------------------------------------------------------------------------------------------
=========================================
== CST Matrix Calculation Priority Log ==
=========================================
Priorities are sorted in ascending order beginning with the lowest priority
 
Group | Shape-ID | ShapeName | Material | User-priority | 2D/3D-Geometry | Material-attributes | Shape-attributes | Feature-ID | Schemetype
1 | 7 | </cst/Boundaries/> Low^X | $NFSMaterial$ | n/a | no | normal.vacuum. | boundary. | n/a | FIT_TD
1 | 8 | </cst/Boundaries/> Low^Y | $NFSMaterial$ | n/a | no | normal.vacuum. | boundary. | n/a | FIT_TD
1 | 9 | </cst/Boundaries/> Low^Z | $NFSMaterial$ | n/a | no | normal.vacuum. | boundary. | n/a | FIT_TD
1 | 10 | </cst/Boundaries/> Up^X | $NFSMaterial$ | n/a | no | normal.vacuum. | boundary. | n/a | FIT_TD
1 | 11 | </cst/Boundaries/> Up^Y | $NFSMaterial$ | n/a | no | normal.vacuum. | boundary. | n/a | FIT_TD
1 | 12 | </cst/Boundaries/> Up^Z | $NFSMaterial$ | n/a | no | normal.vacuum. | boundary. | n/a | FIT_TD
2 | 1 | component1:Coxc | Vacuum | n/a | yes | normal.vacuum. | solid. | n/a | FIT_TD
2 | 6 | component1:Substrate | FR-4 (lossy) | n/a | yes | dispersive-mue.normal. | solid. | n/a | FIT_TD
3 | 2 | component1:Feed_Line | PEC | n/a | yes | pec. | solid. | n/a | FIT_TD
3 | 4 | component1:Outer_Coax | PEC | n/a | yes | pec. | solid. | n/a | FIT_TD
4 | 3 | component1:Ground | Copper (annealed) | n/a | yes | pec.rho.surface-impedance. | solid. | n/a | FIT_TD
4 | 5 | component1:Patch | Copper (annealed) | n/a | yes | pec.rho.surface-impedance. | solid. | n/a | FIT_TD
=========================================
************************************************************************************************
General settings
	PBA version: default
------------------------------------------------------------------------------------------------
Geometry processor: default
	Geo accuracy: 63.000000
	Watertightness check: true
	Self intersection check: false
	Inheritance (all): false
	Normal dominance (all): false
	Normal dominance (ports): false
	Flanges hollow: true
	One shape per flange: false
	Multi threading: true
		max # of threads used: 12
		requested max # of threads: 12
		representation: indexed
		method: multi thread
		retry: no
------------------------------------------------------------------------------------------------
CAD processing settings are set to default
------------------------------------------------------------------------------------------------
Connectivity settings
	Workflow selection: 0
	Workflow version: 20190101
	Gap detection: true
	Gap detection version: 2
	TST version: 2
	QQ workflow: true
	CoCo workflow: true
	Legacy topology: false
	Connectivity check: true
------------------------------------------------------------------------------------------------
------------------------------------------------------------------------------------------------
CAD Processing Version Info
	ACIS version installed:	33.0.1
	ACIS version used:	33.0.1
------------------------------------------------------------------------------------------------
Success method:	fb-multi-thread-22
************************************************************************************************

=======================
Finished CAD processing
=======================

<<<<<<<<<<<<<<<<<<<<<<<<<<<<<<<<<<<<<<<<<<
Thu Thu May 15 22:17:16 2025
Resource usage for processing CAD model:
	Runtime                 00:00:00.00168
	Peak Memory Usage:               20 MB
<<<<<<<<<<<<<<<<<<<<<<<<<<<<<<<<<<<<<<<<<<

------------------------------------------------------------
Parallelization Info
------------------------------------------------------------
Hyperthreading active: true
Hyperthreading used: false
Number of concurrent threads: 4
Number of concurrent threads using GPU: 0
Number of node domains: 4
Domains-to-threads scaling: 2
Average FI domain size: 1e+04
Nice mode: true
Delayed matrix calculation start: false
Load balancing: Version 20090403
Number of mesh fill domains: 8
Memory downscale: 1
Shared memory representation: none
CPU load: 66.67%
Emptiness: 0.00%
Hex mesh complexity: 0.09440
Geometric complexity: 0.04668
lower size limit of domain (1D): 60
------------------------------------------------------------
Node order
3, 2, 1, 0
------------------------------------------------------------

------------------------------------------------------------------
Matrix calculation job submit section 0
Currently running jobs: 0
Waiting jobs: 4
Concurrency for section: 4/4
Memory physically installed: 16.906 GB
Memory currently available: 2.67133 GB
Memory already used: 14.2346 GB
Matrix calculation @ 1xN-Node 0003
	Mesh coverage: 3400000.00 %
	Estimated peak memory usage per node: 41 MB, tightness: 1.54 %
	GPU acceleration: off
	Processor group: 0
Matrix calculation @ 1xN-Node 0002
	Mesh coverage: 2125000.00 %
	Estimated peak memory usage per node: 41 MB, tightness: 1.54 %
	GPU acceleration: off
	Processor group: 0
Matrix calculation @ 1xN-Node 0001
	Mesh coverage: 2600000.00 %
	Estimated peak memory usage per node: 41 MB, tightness: 1.54 %
	GPU acceleration: off
	Processor group: 0
Matrix calculation @ 1xN-Node 0000
	Mesh coverage: 1625000.00 %
	Estimated peak memory usage per node: 41 MB, tightness: 1.54 %
	GPU acceleration: off
	Processor group: 0
Node distribution on 1 processor group: 4
------------------------------------------------------------------

------------------------------------
Mesh: # of points excl. TSTs: 101400
      # of points incl. TSTs: 102752
------------------------------------

===========================================
Data rearrangement statistics:
Disk IO directories:	00:00:00.0008
Disk IO node domain files:	00:00:00.0418
Disk IO FI domain files:	00:00:00.0000
Disk IO meta information:	00:00:00.0062
Sequential merge (TST):	00:00:00.0000
===========================================

1xN000:  ========================================================================
         [Boundaries] - MCalc
         open-add-space, mpi, open-add-space, mpi, open-add-space, open-add-space
         ========================================================================

1xN000:  ========================================
         [Mesh] Matrix calculation - NO ACIS mode
         [Mesh] 1xN MPI or parallelization mode
         ========================================

1xN000:  =============================
         [Mesh] Expansion: 0 2 0 2 0 0
         =============================

1xN000:  ==================================================
         [Mesh] world: o(0000,0000,0000) e(0065,0060,0026)
         [Mesh] l-1xN: o(0000,0000,0000) e(0026,0027,0026)
         [Mesh] e-1xN: o(0000,0000,0000) e(0028,0029,0026)
         [Mesh] g-MPI: not available
         [Mesh] bound offset: (0 | 2 | 0)
         ==================================================

1xN000:  =================================================================================
          - hardware info
            + cpu name                    : 11th Gen Intel(R) Core(TM) i5-11400H @ 2.70GHz
            + sockets                     : 1
            + cores per socket            : 6
            + hyperthreading              : on
            + ht-units                    : 2
            + max cpuid level             : 27
            + max cpuid ext. level        : 8
            + numa nodes                  : 1
            + internal cpu info           : CPUID: selected engine is 'Leaf 0xB detection'
         apic ids           : 0, 1, 2, 3, 4, 5, 6, 7, 8, 9, 10, 11
         apic ids (fallback): 0, 1, 2, 3, 4, 5, 6, 7, 8, 9, 10, 11
         from cpu registers: 0, 1, 2, 3, 4, 5, 6, 7, 8, 9, 10, 11
         fallback: 0, 1, 2, 3, 4, 5, 6, 7, 8, 9, 10, 11
         combined: 0, 1, 2, 3, 4, 5, 6, 7, 8, 9, 10, 11
         max id per cpu: 16
         SMT mask: 1
         Core mask: e
         Package mask: fffffff0
         set results:
           - packages: 1
           - cores: 6
           - smts: 2
         generate core map, new implementation
         0, 1, 2, 3, 4, 5, 6, 7, 8, 9, 10, 11
         packages: 1
         cores   : 6
         ht units: 2
          - pinning rule in use   : PINNING_RULE_MCALC_SKIP_ALL
          - desired group         : 0
          - num cores available   : 12
          - active core list from affinity:
            + num accessible procs          : 12
            + num logical procs             : 12
            + current affinity (env)        : 0,1,2,3,4,5,6,7,8,9,10,11
            + sockets ids in                : 0
            + core list                  (1): 0,1,2,3,4,5,6,7,8,9,10,11
          - active cores          : 0,1,2,3,4,5,6,7,8,9,10,11
          - hyperthreading        : on
          - skip pinning: + allowed number of sockets = available number of sockets
                          + hyperthreading allowed by solver
         =================================================================================

1xN000:  ===================================================================================================
         Version: 2024.4 Release from 2024-04-30 (change 1266454) [Release]
         Workflow: PBA matrix coefficients
         Operation: [fpba, meshfill, bg, port-path, tst, tst-nextgen, coeff, surface-imp, connectivity-tree]
         Architecture: Windows, ID: AMD64
         System Windows-64bit
         Using processor group 0/1
         Matrix calculation information:
         # of Nodes: 4
         Concurrency: 4
         Start ID: 3
         Node ID: 0
         HEX Mesh information:
         Hex mesh: node: [hxr o(0 | 0 | 0) s(26 | 27 | 26) np (no TSTs): 18252]
         Hex mesh: extended: [hxr o(0 | 0 | 0) s(28 | 29 | 26) np (no TSTs): 21112]
         ===================================================================================================

1xN000:  -----------------------------------------------------
         Memory status on node "1xN000" for matrix calculation
         	Estimated memory consumption: 0.0410546 GB
         	Physical memory installed: 16.906 GB
         	Available physical memory: 2.64619 GB
         	Available relative memory: 15.6524 %
         -----------------------------------------------------

1xN000:  >>>>>>>>>>>>>>>>>>>>>>>>>>>>>>>>>>>>>>>>>>>>>>>>>
         Thu Thu May 15 22:17:17 2025
         started: calculating matrix coefficients per node
         >>>>>>>>>>>>>>>>>>>>>>>>>>>>>>>>>>>>>>>>>>>>>>>>>

1xN000:  ============================================================
         Matrix computation (PBA)
         	[Perfect Boundary Approximation (PBA), version: default]
         	[GPU acceleration: off (by user)]
         Version: 2024.4 Release from 2024-04-30 (change 1266454)
         PBA version 2024043024
         Sub-Workflow: FARM-1xN-TST2-Node
         Workflow updated: -
         Thu Thu May 15 22:17:17 2025
         ============================================================

1xN000:  ----------------------------------------------
         Used point accuracy enhancement value: 63.00%.
         ----------------------------------------------

1xN000:  -------------------------------------------------
         Geometry representation: compact
         Shared memory: none
         FARM allocation scheme: PA
         Parallelization: on, used

1xN000:  Gap-Detection activated for FARM-topology. Gaps are resolved, even partially.: gap tolerance value is 0.001000 and mesh geometry scale is 0.001000
1xN000:
1xN000:



1xN000:  ----------------------
         Acceleration mode: CPU
         ----------------------

1xN000:  Port homogenization method: M2H point index deviation
1xN000:  cccccccccccccccccccccccccccccccccccccccccccccccccccccccccccccccccccc
         FARM/Meshfill cache is set to 8 (local FI domains: 2, dynamic: true)
         cccccccccccccccccccccccccccccccccccccccccccccccccccccccccccccccccccc

1xN000:  =============================================================
         Hex cell analyzer settings:
         	max number of E fields per mesh edge: 2
         	max number of H fields per mesh face: 4
         	supporting dual grid: false
         	performance improvement: ROI limit: true
         	performance improvement: ROI threshold: 2
         	performance improvement: single topology extraction: true
         	performance improvement: pre-categorize cell volume: true
         	periodic align: 0
         	periodic cells: true
         	homogenization version: pid
         =============================================================

1xN000:  -------------------
         TST Statistics:
         E Split (0 | 0 | 0)
         E Adapt (0 | 0 | 0)
         B Split (0 | 0 | 0)
         B Adapt (0 | 0 | 0)
         -------------------

1xN000:  ssssssssssssssssssssssssssssssssssssssssss
         # of curls with SI accuracy enhancement: 0
         ssssssssssssssssssssssssssssssssssssssssss

1xN000:  ------------------------------------------------------------------------------
         PBA fill limit is applied in inverse mode.
         PBA fill limit is applied on faces filled with at least 99.00% metal material.
         --------------------------------------------------------------
         detailed accuracy settings:
         --------------------------------------------------------------
         augmented fill limit:       true
         augmented fill limit value: 99.00
         automatic fill limit:       true
         early fill limit:           true
         inverse fill limit:         true
         model complexity:           0.00
         legacy 2015:                false
         fixed point accuracy:       false
         minimum point accuracy:     0
         mesh step inheritance:      false
         accuracy mode:
         ------------------------------------------------------------------------------

1xN000:  =================================
         Finished matrix computation (PBA)
         =================================

1xN000:  <<<<<<<<<<<<<<<<<<<<<<<<<<<<<<<<<<<<<<<<<<<<<<<<<<<<<<<<<<<<
         Thu Thu May 15 22:17:19 2025
         Resource usage for calculating matrix coefficients per node:
         	Runtime                          00:00:02.00015
         	Peak Memory Estimation:                   41 MB
         	Peak Memory Usage:                        32 MB
         <<<<<<<<<<<<<<<<<<<<<<<<<<<<<<<<<<<<<<<<<<<<<<<<<<<<<<<<<<<<



1xN001:  ========================================================================
         [Boundaries] - MCalc
         mpi, open-add-space, open-add-space, mpi, open-add-space, open-add-space
         ========================================================================

1xN001:  ========================================
         [Mesh] Matrix calculation - NO ACIS mode
         [Mesh] 1xN MPI or parallelization mode
         ========================================

1xN001:  ==============================
         [Mesh] Expansion: -2 0 0 2 0 0
         ==============================

1xN001:  ==================================================
         [Mesh] world: o(0000,0000,0000) e(0065,0060,0026)
         [Mesh] l-1xN: o(0024,0000,0000) e(0065,0027,0026)
         [Mesh] e-1xN: o(0022,0000,0000) e(0065,0029,0026)
         [Mesh] g-MPI: not available
         [Mesh] bound offset: (-2 | 0 | 0)
         ==================================================

1xN001:  =================================================================================
          - hardware info
            + cpu name                    : 11th Gen Intel(R) Core(TM) i5-11400H @ 2.70GHz
            + sockets                     : 1
            + cores per socket            : 6
            + hyperthreading              : on
            + ht-units                    : 2
            + max cpuid level             : 27
            + max cpuid ext. level        : 8
            + numa nodes                  : 1
            + internal cpu info           : CPUID: selected engine is 'Leaf 0xB detection'
         apic ids           : 0, 1, 2, 3, 4, 5, 6, 7, 8, 9, 10, 11
         apic ids (fallback): 0, 1, 2, 3, 4, 5, 6, 7, 8, 9, 10, 11
         from cpu registers: 0, 1, 2, 3, 4, 5, 6, 7, 8, 9, 10, 11
         fallback: 0, 1, 2, 3, 4, 5, 6, 7, 8, 9, 10, 11
         combined: 0, 1, 2, 3, 4, 5, 6, 7, 8, 9, 10, 11
         max id per cpu: 16
         SMT mask: 1
         Core mask: e
         Package mask: fffffff0
         set results:
           - packages: 1
           - cores: 6
           - smts: 2
         generate core map, new implementation
         0, 1, 2, 3, 4, 5, 6, 7, 8, 9, 10, 11
         packages: 1
         cores   : 6
         ht units: 2
          - pinning rule in use   : PINNING_RULE_MCALC_SKIP_ALL
          - desired group         : 0
          - num cores available   : 12
          - active core list from affinity:
            + num accessible procs          : 12
            + num logical procs             : 12
            + current affinity (env)        : 0,1,2,3,4,5,6,7,8,9,10,11
            + sockets ids in                : 0
            + core list                  (1): 0,1,2,3,4,5,6,7,8,9,10,11
          - active cores          : 0,1,2,3,4,5,6,7,8,9,10,11
          - hyperthreading        : on
          - skip pinning: + allowed number of sockets = available number of sockets
                          + hyperthreading allowed by solver
         =================================================================================

1xN001:  ===================================================================================================
         Version: 2024.4 Release from 2024-04-30 (change 1266454) [Release]
         Workflow: PBA matrix coefficients
         Operation: [fpba, meshfill, bg, port-path, tst, tst-nextgen, coeff, surface-imp, connectivity-tree]
         Architecture: Windows, ID: AMD64
         System Windows-64bit
         Using processor group 0/1
         Matrix calculation information:
         # of Nodes: 4
         Concurrency: 4
         Start ID: 2
         Node ID: 1
         HEX Mesh information:
         Hex mesh: node: [hxr o(24 | 0 | 0) s(41 | 27 | 26) np (no TSTs): 28782]
         Hex mesh: extended: [hxr o(22 | 0 | 0) s(43 | 29 | 26) np (no TSTs): 32422]
         ===================================================================================================

1xN001:  -----------------------------------------------------
         Memory status on node "1xN001" for matrix calculation
         	Estimated memory consumption: 0.0410546 GB
         	Physical memory installed: 16.906 GB
         	Available physical memory: 2.6493 GB
         	Available relative memory: 15.6708 %
         -----------------------------------------------------

1xN001:  >>>>>>>>>>>>>>>>>>>>>>>>>>>>>>>>>>>>>>>>>>>>>>>>>
         Thu Thu May 15 22:17:17 2025
         started: calculating matrix coefficients per node
         >>>>>>>>>>>>>>>>>>>>>>>>>>>>>>>>>>>>>>>>>>>>>>>>>

1xN001:  ============================================================
         Matrix computation (PBA)
         	[Perfect Boundary Approximation (PBA), version: default]
         	[GPU acceleration: off (by user)]
         Version: 2024.4 Release from 2024-04-30 (change 1266454)
         PBA version 2024043024
         Sub-Workflow: FARM-1xN-TST2-Node
         Workflow updated: -
         Thu Thu May 15 22:17:17 2025
         ============================================================

1xN001:  ----------------------------------------------
         Used point accuracy enhancement value: 63.00%.
         ----------------------------------------------

1xN001:  -------------------------------------------------
         Geometry representation: compact
         Shared memory: none
         FARM allocation scheme: PA
         Parallelization: on, used

1xN001:  Gap-Detection activated for FARM-topology. Gaps are resolved, even partially.: gap tolerance value is 0.001000 and mesh geometry scale is 0.001000
1xN001:
1xN001:



1xN001:  ----------------------
         Acceleration mode: CPU
         ----------------------

1xN001:  Port homogenization method: M2H point index deviation
1xN001:  cccccccccccccccccccccccccccccccccccccccccccccccccccccccccccccccccccc
         FARM/Meshfill cache is set to 8 (local FI domains: 4, dynamic: true)
         cccccccccccccccccccccccccccccccccccccccccccccccccccccccccccccccccccc

1xN001:  =============================================================
         Hex cell analyzer settings:
         	max number of E fields per mesh edge: 2
         	max number of H fields per mesh face: 4
         	supporting dual grid: false
         	performance improvement: ROI limit: true
         	performance improvement: ROI threshold: 2
         	performance improvement: single topology extraction: true
         	performance improvement: pre-categorize cell volume: true
         	periodic align: 0
         	periodic cells: true
         	homogenization version: pid
         =============================================================

1xN001:  -------------------
         TST Statistics:
         E Split (0 | 0 | 0)
         E Adapt (0 | 0 | 0)
         B Split (0 | 0 | 0)
         B Adapt (0 | 0 | 0)
         -------------------

1xN001:  ssssssssssssssssssssssssssssssssssssssssss
         # of curls with SI accuracy enhancement: 0
         ssssssssssssssssssssssssssssssssssssssssss

1xN001:  ------------------------------------------------------------------------------
         PBA fill limit is applied in inverse mode.
         PBA fill limit is applied on faces filled with at least 99.00% metal material.
         --------------------------------------------------------------
         detailed accuracy settings:
         --------------------------------------------------------------
         augmented fill limit:       true
         augmented fill limit value: 99.00
         automatic fill limit:       true
         early fill limit:           true
         inverse fill limit:         true
         model complexity:           0.00
         legacy 2015:                false
         fixed point accuracy:       false
         minimum point accuracy:     0
         mesh step inheritance:      false
         accuracy mode:
         ------------------------------------------------------------------------------

1xN001:  =================================
         Finished matrix computation (PBA)
         =================================

1xN001:  <<<<<<<<<<<<<<<<<<<<<<<<<<<<<<<<<<<<<<<<<<<<<<<<<<<<<<<<<<<<
         Thu Thu May 15 22:17:20 2025
         Resource usage for calculating matrix coefficients per node:
         	Runtime                          00:00:03.00174
         	Peak Memory Estimation:                   41 MB
         	Peak Memory Usage:                        46 MB
         <<<<<<<<<<<<<<<<<<<<<<<<<<<<<<<<<<<<<<<<<<<<<<<<<<<<<<<<<<<<



1xN002:  ========================================================================
         [Boundaries] - MCalc
         open-add-space, mpi, mpi, open-add-space, open-add-space, open-add-space
         ========================================================================

1xN002:  ========================================
         [Mesh] Matrix calculation - NO ACIS mode
         [Mesh] 1xN MPI or parallelization mode
         ========================================

1xN002:  ==============================
         [Mesh] Expansion: 0 2 -2 0 0 0
         ==============================

1xN002:  ==================================================
         [Mesh] world: o(0000,0000,0000) e(0065,0060,0026)
         [Mesh] l-1xN: o(0000,0025,0000) e(0026,0060,0026)
         [Mesh] e-1xN: o(0000,0023,0000) e(0028,0060,0026)
         [Mesh] g-MPI: not available
         [Mesh] bound offset: (0 | 2 | -2)
         ==================================================

1xN002:  =================================================================================
          - hardware info
            + cpu name                    : 11th Gen Intel(R) Core(TM) i5-11400H @ 2.70GHz
            + sockets                     : 1
            + cores per socket            : 6
            + hyperthreading              : on
            + ht-units                    : 2
            + max cpuid level             : 27
            + max cpuid ext. level        : 8
            + numa nodes                  : 1
            + internal cpu info           : CPUID: selected engine is 'Leaf 0xB detection'
         apic ids           : 0, 1, 2, 3, 4, 5, 6, 7, 8, 9, 10, 11
         apic ids (fallback): 0, 1, 2, 3, 4, 5, 6, 7, 8, 9, 10, 11
         from cpu registers: 0, 1, 2, 3, 4, 5, 6, 7, 8, 9, 10, 11
         fallback: 0, 1, 2, 3, 4, 5, 6, 7, 8, 9, 10, 11
         combined: 0, 1, 2, 3, 4, 5, 6, 7, 8, 9, 10, 11
         max id per cpu: 16
         SMT mask: 1
         Core mask: e
         Package mask: fffffff0
         set results:
           - packages: 1
           - cores: 6
           - smts: 2
         generate core map, new implementation
         0, 1, 2, 3, 4, 5, 6, 7, 8, 9, 10, 11
         packages: 1
         cores   : 6
         ht units: 2
          - pinning rule in use   : PINNING_RULE_MCALC_SKIP_ALL
          - desired group         : 0
          - num cores available   : 12
          - active core list from affinity:
            + num accessible procs          : 12
            + num logical procs             : 12
            + current affinity (env)        : 0,1,2,3,4,5,6,7,8,9,10,11
            + sockets ids in                : 0
            + core list                  (1): 0,1,2,3,4,5,6,7,8,9,10,11
          - active cores          : 0,1,2,3,4,5,6,7,8,9,10,11
          - hyperthreading        : on
          - skip pinning: + allowed number of sockets = available number of sockets
                          + hyperthreading allowed by solver
         =================================================================================

1xN002:  ===================================================================================================
         Version: 2024.4 Release from 2024-04-30 (change 1266454) [Release]
         Workflow: PBA matrix coefficients
         Operation: [fpba, meshfill, bg, port-path, tst, tst-nextgen, coeff, surface-imp, connectivity-tree]
         Architecture: Windows, ID: AMD64
         System Windows-64bit
         Using processor group 0/1
         Matrix calculation information:
         # of Nodes: 4
         Concurrency: 4
         Start ID: 1
         Node ID: 2
         HEX Mesh information:
         Hex mesh: node: [hxr o(0 | 25 | 0) s(26 | 35 | 26) np (no TSTs): 23660]
         Hex mesh: extended: [hxr o(0 | 23 | 0) s(28 | 37 | 26) np (no TSTs): 26936]
         ===================================================================================================

1xN002:  -----------------------------------------------------
         Memory status on node "1xN002" for matrix calculation
         	Estimated memory consumption: 0.0410546 GB
         	Physical memory installed: 16.906 GB
         	Available physical memory: 2.6493 GB
         	Available relative memory: 15.6708 %
         -----------------------------------------------------

1xN002:  >>>>>>>>>>>>>>>>>>>>>>>>>>>>>>>>>>>>>>>>>>>>>>>>>
         Thu Thu May 15 22:17:17 2025
         started: calculating matrix coefficients per node
         >>>>>>>>>>>>>>>>>>>>>>>>>>>>>>>>>>>>>>>>>>>>>>>>>

1xN002:  ============================================================
         Matrix computation (PBA)
         	[Perfect Boundary Approximation (PBA), version: default]
         	[GPU acceleration: off (by user)]
         Version: 2024.4 Release from 2024-04-30 (change 1266454)
         PBA version 2024043024
         Sub-Workflow: FARM-1xN-TST2-Node
         Workflow updated: -
         Thu Thu May 15 22:17:17 2025
         ============================================================

1xN002:  ----------------------------------------------
         Used point accuracy enhancement value: 63.00%.
         ----------------------------------------------

1xN002:  -------------------------------------------------
         Geometry representation: compact
         Shared memory: none
         FARM allocation scheme: PA
         Parallelization: on, used

1xN002:  Gap-Detection activated for FARM-topology. Gaps are resolved, even partially.: gap tolerance value is 0.001000 and mesh geometry scale is 0.001000
1xN002:
1xN002:



1xN002:  ----------------------
         Acceleration mode: CPU
         ----------------------

1xN002:  Port homogenization method: M2H point index deviation
1xN002:  cccccccccccccccccccccccccccccccccccccccccccccccccccccccccccccccccccc
         FARM/Meshfill cache is set to 8 (local FI domains: 4, dynamic: true)
         cccccccccccccccccccccccccccccccccccccccccccccccccccccccccccccccccccc

1xN002:  =============================================================
         Hex cell analyzer settings:
         	max number of E fields per mesh edge: 2
         	max number of H fields per mesh face: 4
         	supporting dual grid: false
         	performance improvement: ROI limit: true
         	performance improvement: ROI threshold: 2
         	performance improvement: single topology extraction: true
         	performance improvement: pre-categorize cell volume: true
         	periodic align: 0
         	periodic cells: true
         	homogenization version: pid
         =============================================================

1xN002:  -------------------
         TST Statistics:
         E Split (0 | 0 | 0)
         E Adapt (0 | 0 | 0)
         B Split (0 | 0 | 0)
         B Adapt (0 | 0 | 0)
         -------------------

1xN002:  ssssssssssssssssssssssssssssssssssssssssss
         # of curls with SI accuracy enhancement: 0
         ssssssssssssssssssssssssssssssssssssssssss

1xN002:  ------------------------------------------------------------------------------
         PBA fill limit is applied in inverse mode.
         PBA fill limit is applied on faces filled with at least 99.00% metal material.
         --------------------------------------------------------------
         detailed accuracy settings:
         --------------------------------------------------------------
         augmented fill limit:       true
         augmented fill limit value: 99.00
         automatic fill limit:       true
         early fill limit:           true
         inverse fill limit:         true
         model complexity:           0.00
         legacy 2015:                false
         fixed point accuracy:       false
         minimum point accuracy:     0
         mesh step inheritance:      false
         accuracy mode:
         ------------------------------------------------------------------------------

1xN002:  =================================
         Finished matrix computation (PBA)
         =================================

1xN002:  <<<<<<<<<<<<<<<<<<<<<<<<<<<<<<<<<<<<<<<<<<<<<<<<<<<<<<<<<<<<
         Thu Thu May 15 22:17:19 2025
         Resource usage for calculating matrix coefficients per node:
         	Runtime                          00:00:02.00596
         	Peak Memory Estimation:                   41 MB
         	Peak Memory Usage:                        40 MB
         <<<<<<<<<<<<<<<<<<<<<<<<<<<<<<<<<<<<<<<<<<<<<<<<<<<<<<<<<<<<



1xN003:  ========================================================================
         [Boundaries] - MCalc
         mpi, open-add-space, mpi, open-add-space, open-add-space, open-add-space
         ========================================================================

1xN003:  ========================================
         [Mesh] Matrix calculation - NO ACIS mode
         [Mesh] 1xN MPI or parallelization mode
         ========================================

1xN003:  ===============================
         [Mesh] Expansion: -2 0 -2 0 0 0
         ===============================

1xN003:  ==================================================
         [Mesh] world: o(0000,0000,0000) e(0065,0060,0026)
         [Mesh] l-1xN: o(0024,0025,0000) e(0065,0060,0026)
         [Mesh] e-1xN: o(0022,0023,0000) e(0065,0060,0026)
         [Mesh] g-MPI: not available
         [Mesh] bound offset: (-2 | 0 | -2)
         ==================================================

1xN003:  =================================================================================
          - hardware info
            + cpu name                    : 11th Gen Intel(R) Core(TM) i5-11400H @ 2.70GHz
            + sockets                     : 1
            + cores per socket            : 6
            + hyperthreading              : on
            + ht-units                    : 2
            + max cpuid level             : 27
            + max cpuid ext. level        : 8
            + numa nodes                  : 1
            + internal cpu info           : CPUID: selected engine is 'Leaf 0xB detection'
         apic ids           : 0, 1, 2, 3, 4, 5, 6, 7, 8, 9, 10, 11
         apic ids (fallback): 0, 1, 2, 3, 4, 5, 6, 7, 8, 9, 10, 11
         from cpu registers: 0, 1, 2, 3, 4, 5, 6, 7, 8, 9, 10, 11
         fallback: 0, 1, 2, 3, 4, 5, 6, 7, 8, 9, 10, 11
         combined: 0, 1, 2, 3, 4, 5, 6, 7, 8, 9, 10, 11
         max id per cpu: 16
         SMT mask: 1
         Core mask: e
         Package mask: fffffff0
         set results:
           - packages: 1
           - cores: 6
           - smts: 2
         generate core map, new implementation
         0, 1, 2, 3, 4, 5, 6, 7, 8, 9, 10, 11
         packages: 1
         cores   : 6
         ht units: 2
          - pinning rule in use   : PINNING_RULE_MCALC_SKIP_ALL
          - desired group         : 0
          - num cores available   : 12
          - active core list from affinity:
            + num accessible procs          : 12
            + num logical procs             : 12
            + current affinity (env)        : 0,1,2,3,4,5,6,7,8,9,10,11
            + sockets ids in                : 0
            + core list                  (1): 0,1,2,3,4,5,6,7,8,9,10,11
          - active cores          : 0,1,2,3,4,5,6,7,8,9,10,11
          - hyperthreading        : on
          - skip pinning: + allowed number of sockets = available number of sockets
                          + hyperthreading allowed by solver
         =================================================================================

1xN003:  ===================================================================================================
         Version: 2024.4 Release from 2024-04-30 (change 1266454) [Release]
         Workflow: PBA matrix coefficients
         Operation: [fpba, meshfill, bg, port-path, tst, tst-nextgen, coeff, surface-imp, connectivity-tree]
         Architecture: Windows, ID: AMD64
         System Windows-64bit
         Using processor group 0/1
         Matrix calculation information:
         # of Nodes: 4
         Concurrency: 4
         Start ID: 0
         Node ID: 3
         HEX Mesh information:
         Hex mesh: node: [hxr o(24 | 25 | 0) s(41 | 35 | 26) np (no TSTs): 37310]
         Hex mesh: extended: [hxr o(22 | 23 | 0) s(43 | 37 | 26) np (no TSTs): 41366]
         ===================================================================================================

1xN003:  -----------------------------------------------------
         Memory status on node "1xN003" for matrix calculation
         	Estimated memory consumption: 0.0412334 GB
         	Physical memory installed: 16.906 GB
         	Available physical memory: 2.65088 GB
         	Available relative memory: 15.6801 %
         -----------------------------------------------------

1xN003:  >>>>>>>>>>>>>>>>>>>>>>>>>>>>>>>>>>>>>>>>>>>>>>>>>
         Thu Thu May 15 22:17:17 2025
         started: calculating matrix coefficients per node
         >>>>>>>>>>>>>>>>>>>>>>>>>>>>>>>>>>>>>>>>>>>>>>>>>

1xN003:  ============================================================
         Matrix computation (PBA)
         	[Perfect Boundary Approximation (PBA), version: default]
         	[GPU acceleration: off (by user)]
         Version: 2024.4 Release from 2024-04-30 (change 1266454)
         PBA version 2024043024
         Sub-Workflow: FARM-1xN-TST2-Node
         Workflow updated: -
         Thu Thu May 15 22:17:17 2025
         ============================================================

1xN003:  ----------------------------------------------
         Used point accuracy enhancement value: 63.00%.
         ----------------------------------------------

1xN003:  -------------------------------------------------
         Geometry representation: compact
         Shared memory: none
         FARM allocation scheme: PA
         Parallelization: on, used

1xN003:  Gap-Detection activated for FARM-topology. Gaps are resolved, even partially.: gap tolerance value is 0.001000 and mesh geometry scale is 0.001000
1xN003:
1xN003:



1xN003:  ----------------------
         Acceleration mode: CPU
         ----------------------

1xN003:  Port homogenization method: M2H point index deviation
1xN003:  cccccccccccccccccccccccccccccccccccccccccccccccccccccccccccccccccccc
         FARM/Meshfill cache is set to 8 (local FI domains: 8, dynamic: true)
         cccccccccccccccccccccccccccccccccccccccccccccccccccccccccccccccccccc

1xN003:  =============================================================
         Hex cell analyzer settings:
         	max number of E fields per mesh edge: 2
         	max number of H fields per mesh face: 4
         	supporting dual grid: false
         	performance improvement: ROI limit: true
         	performance improvement: ROI threshold: 2
         	performance improvement: single topology extraction: true
         	performance improvement: pre-categorize cell volume: true
         	periodic align: 0
         	periodic cells: true
         	homogenization version: pid
         =============================================================

1xN003:  -------------------------
         TST Statistics:
         E Split (224 | 176 | 0)
         E Adapt (282 | 306 | 308)
         B Split (224 | 224 | 504)
         B Adapt (12 | 16 | 0)
         -------------------------

1xN003:  ssssssssssssssssssssssssssssssssssssssssss
         # of curls with SI accuracy enhancement: 0
         ssssssssssssssssssssssssssssssssssssssssss

1xN003:  ------------------------------------------------------------------------------
         PBA fill limit is applied in inverse mode.
         PBA fill limit is applied on faces filled with at least 99.00% metal material.
         --------------------------------------------------------------
         detailed accuracy settings:
         --------------------------------------------------------------
         augmented fill limit:       true
         augmented fill limit value: 99.00
         automatic fill limit:       true
         early fill limit:           true
         inverse fill limit:         true
         model complexity:           0.00
         legacy 2015:                false
         fixed point accuracy:       false
         minimum point accuracy:     0
         mesh step inheritance:      false
         accuracy mode:
         ------------------------------------------------------------------------------

1xN003:  --------------------------------------
         Glued 8 metal grid points in port area
         --------------------------------------

1xN003:  =================================
         Finished matrix computation (PBA)
         =================================

1xN003:  <<<<<<<<<<<<<<<<<<<<<<<<<<<<<<<<<<<<<<<<<<<<<<<<<<<<<<<<<<<<
         Thu Thu May 15 22:17:22 2025
         Resource usage for calculating matrix coefficients per node:
         	Runtime                          00:00:05.00419
         	Peak Memory Estimation:                   41 MB
         	Peak Memory Usage:                        78 MB
         <<<<<<<<<<<<<<<<<<<<<<<<<<<<<<<<<<<<<<<<<<<<<<<<<<<<<<<<<<<<



<<<<<<<<<<<<<<<<<<<<<<<<<<<<<<<<<<<<<<<<<<<<<<<
Thu Thu May 15 22:17:27 2025
Resource usage for parallelization control:
	Runtime                      00:00:11.00610
<<<<<<<<<<<<<<<<<<<<<<<<<<<<<<<<<<<<<<<<<<<<<<<

------------------------------------------------------------------------------------------------------------------------------
PBAMeshFeedback - InfoMap: 0[ms] - SBCell navigation: Using legacy edges - CornerCorrectionLinesAndWires: 0[ms] - Write: 0[ms]
ConnectivityAXG - Load: 3[ms] - Setup: 0[ms] - Convert: 2[ms] ( Groups: 3 - Shapes: 6 - Threads: 6 ) - Write: 1[ms]
ConnectivityAXG - Load: 3[ms] - Setup: 0[ms] - Convert: 2[ms] ( Groups: 3 - Shapes: 6 - Threads: 6 ) - Write: 1[ms]
------------------------------------------------------------------------------------------------------------------------------

--------------------------------
# of staircase filled cells: 0
# of staircase filled areas: 0
# of staircase filled edges: 8
# of faces above fill limit: 0
# of edges with FPBA topology: 0
--------------------------------

